[20:30:55] [main/INFO] (FabricLoader/GameProvider) Loading Minecraft 1.19 with Fabric Loader 0.14.9
[20:30:57] [main/INFO] (FabricLoader) Loading 43 mods:
	- bettercopper 1.0-SNAPSHOT
	- fabric 0.58.0+1.19
	- fabric-api-base 0.4.9+e62f51a3a9
	- fabric-api-lookup-api-v1 1.6.7+9ff28f40a9
	- fabric-biome-api-v1 9.0.14+b2a4a624a9
	- fabric-blockrenderlayer-v1 1.1.18+9ff28f40a9
	- fabric-command-api-v2 2.1.2+0d55f585a9
	- fabric-content-registries-v0 3.2.1+07df213ea9
	- fabric-convention-tags-v1 1.0.8+37622d24a9
	- fabric-crash-report-info-v1 0.2.3+bd0a0d4aa9
	- fabric-data-generation-api-v1 5.1.2+a680b9b4a9
	- fabric-dimensions-v1 2.1.28+a6d2f785a9
	- fabric-entity-events-v1 1.4.16+9ff28f40a9
	- fabric-events-interaction-v0 0.4.26+9ff28f40a9
	- fabric-game-rule-api-v1 1.0.19+18990361a9
	- fabric-gametest-api-v1 1.0.33+e62f51a3a9
	- fabric-item-api-v1 1.5.5+35a03c43a9
	- fabric-item-groups-v0 0.3.26+9ff28f40a9
	- fabric-key-binding-api-v1 1.0.18+9ff28f40a9
	- fabric-lifecycle-events-v1 2.1.0+33fbc738a9
	- fabric-loot-api-v2 1.1.1+03a4e568a9
	- fabric-message-api-v1 1.0.1+513f4a59a9
	- fabric-mining-level-api-v1 2.1.11+33fbc738a9
	- fabric-models-v0 0.3.15+9ff28f40a9
	- fabric-networking-api-v1 1.1.0+442de8b8a9
	- fabric-object-builder-api-v1 4.0.8+9ff28f40a9
	- fabric-particles-v1 1.0.8+dc39553aa9
	- fabric-registry-sync-v0 0.9.18+23c4cfefa9
	- fabric-renderer-api-v1 1.0.8+9ff28f40a9
	- fabric-renderer-indigo 0.6.10+5187d39fa9
	- fabric-rendering-data-attachment-v1 0.3.12+9ff28f40a9
	- fabric-rendering-fluids-v1 3.0.5+9ff28f40a9
	- fabric-rendering-v1 1.10.14+9ff28f40a9
	- fabric-resource-conditions-api-v1 2.0.9+e62f51a3a9
	- fabric-resource-loader-v0 0.5.6+5f1a85e0a9
	- fabric-screen-api-v1 1.0.24+f05effafa9
	- fabric-screen-handler-api-v1 1.2.7+9ff28f40a9
	- fabric-textures-v0 1.0.18+9ff28f40a9
	- fabric-transfer-api-v1 2.0.9+e62f51a3a9
	- fabric-transitive-access-wideners-v1 1.1.1+9e7660c6a9
	- fabricloader 0.14.9
	- java 17
	- minecraft 1.19
[20:31:00] [main/INFO] (FabricLoader/Mixin) SpongePowered MIXIN Subsystem Version=0.8.5 Source=file:/Users/alan/.gradle/caches/modules-2/files-2.1/net.fabricmc/sponge-mixin/0.11.4+mixin.0.8.5/c1dc27696aa4006e492c2485c9ccbcb26045a971/sponge-mixin-0.11.4+mixin.0.8.5.jar Service=Knot/Fabric Env=CLIENT
[20:31:01] [main/INFO] (FabricLoader/Mixin) Loaded Fabric development mappings for mixin remapper!
[20:31:01] [main/INFO] (FabricLoader/Mixin) Compatibility level set to JAVA_16
[20:31:02] [main/INFO] (FabricLoader/Mixin) Compatibility level set to JAVA_17
[20:31:07] [main/WARN] (FileUtil) Configuration conflict: there is more than one oshi.properties file on the classpath
[20:31:08] [main/WARN] (FileUtil) Configuration conflict: there is more than one oshi.architecture.properties file on the classpath
[20:31:26] [main/INFO] (Minecraft) Building optimized datafixer
[20:31:44] [Render thread/INFO] (Minecraft) Environment: authHost='https://authserver.mojang.com', accountsHost='https://api.mojang.com', sessionHost='https://sessionserver.mojang.com', servicesHost='https://api.minecraftservices.com', name='PROD'
[20:31:46] [Render thread/ERROR] (fabric-screen-api-v1) Failed to verify authentication
com.mojang.authlib.exceptions.InvalidCredentialsException: Status: 401
	at com.mojang.authlib.exceptions.MinecraftClientHttpException.toAuthenticationException(MinecraftClientHttpException.java:56) ~[authlib-3.5.41.jar:?]
	at com.mojang.authlib.yggdrasil.YggdrasilUserApiService.fetchProperties(YggdrasilUserApiService.java:140) ~[authlib-3.5.41.jar:?]
	at com.mojang.authlib.yggdrasil.YggdrasilUserApiService.<init>(YggdrasilUserApiService.java:47) ~[authlib-3.5.41.jar:?]
	at com.mojang.authlib.yggdrasil.YggdrasilAuthenticationService.createUserApiService(YggdrasilAuthenticationService.java:158) ~[authlib-3.5.41.jar:?]
	at net.minecraft.client.MinecraftClient.createUserApiService(MinecraftClient.java:677) [minecraft-project-@-merged-named.jar:?]
	at net.minecraft.client.MinecraftClient.<init>(MinecraftClient.java:415) [minecraft-project-@-merged-named.jar:?]
	at net.minecraft.client.main.Main.main(Main.java:198) [minecraft-project-@-merged-named.jar:?]
	at net.fabricmc.loader.impl.game.minecraft.MinecraftGameProvider.launch(MinecraftGameProvider.java:461) [fabric-loader-0.14.9.jar:?]
	at net.fabricmc.loader.impl.launch.knot.Knot.launch(Knot.java:74) [fabric-loader-0.14.9.jar:?]
	at net.fabricmc.loader.impl.launch.knot.KnotClient.main(KnotClient.java:23) [fabric-loader-0.14.9.jar:?]
	at net.fabricmc.devlaunchinjector.Main.main(Main.java:86) [dev-launch-injector-0.2.1+build.8.jar:?]
Caused by: com.mojang.authlib.exceptions.MinecraftClientHttpException: Status: 401
	at com.mojang.authlib.minecraft.client.MinecraftClient.readInputStream(MinecraftClient.java:85) ~[authlib-3.5.41.jar:?]
	at com.mojang.authlib.minecraft.client.MinecraftClient.get(MinecraftClient.java:48) ~[authlib-3.5.41.jar:?]
	at com.mojang.authlib.yggdrasil.YggdrasilUserApiService.fetchProperties(YggdrasilUserApiService.java:121) ~[authlib-3.5.41.jar:?]
	... 9 more
[20:31:46] [Render thread/INFO] (fabric-screen-api-v1) Setting user: Player212
[20:31:47] [Render thread/INFO] (Indigo) [Indigo] Registering Indigo renderer!
[20:31:49] [Render thread/INFO] (fabric-screen-api-v1) Backend library: LWJGL version 3.3.1 SNAPSHOT
[20:31:58] [Worker-Main-4/ERROR] (Minecraft) Failed to retrieve profile key pair
java.io.IOException: Could not retrieve profile key pair
	at net.minecraft.client.util.ProfileKeys.fetchKeyPair(ProfileKeys.java:112) ~[minecraft-project-@-merged-named.jar:?]
	at net.minecraft.client.util.ProfileKeys.method_44291(ProfileKeys.java:56) ~[minecraft-project-@-merged-named.jar:?]
	at java.util.concurrent.CompletableFuture$AsyncSupply.run(CompletableFuture.java:1768) [?:?]
	at java.util.concurrent.CompletableFuture$AsyncSupply.exec(CompletableFuture.java:1760) [?:?]
	at java.util.concurrent.ForkJoinTask.doExec(ForkJoinTask.java:373) [?:?]
	at java.util.concurrent.ForkJoinPool$WorkQueue.topLevelExec(ForkJoinPool.java:1182) [?:?]
	at java.util.concurrent.ForkJoinPool.scan(ForkJoinPool.java:1655) [?:?]
	at java.util.concurrent.ForkJoinPool.runWorker(ForkJoinPool.java:1622) [?:?]
	at java.util.concurrent.ForkJoinWorkerThread.run(ForkJoinWorkerThread.java:165) [?:?]
[20:31:58] [Render thread/INFO] (Minecraft) Reloading ResourceManager: Default, Fabric Mods (Fabric API Base, Fabric Screen Handler API (v1), Fabric Resource Conditions API (v1), Fabric Content Registries (v0), Fabric Message API (v1), Fabric Item API (v1), Fabric Resource Loader (v0), Fabric Dimensions API (v1), Fabric Particles (v1), Fabric Renderer API (v1), Fabric Crash Report Info (v1), Fabric Biome API (v1), Fabric Loader, Fabric Rendering Data Attachment (v1), Fabric Data Generation API (v1), Fabric Game Rule API (v1), Fabric Convention Tags, Fabric Transitive Access Wideners (v1), Fabric Entity Events (v1), Fabric Lifecycle Events (v1), Fabric Registry Sync (v0), Fabric API, Fabric Mining Level API (v1), Fabric Command API (v2), Fabric Screen API (v1), Fabric Game Test API (v1), Fabric Object Builder API (v1), Fabric Key Binding API (v1), Fabric Transfer API (v1), Fabric Loot API (v2), Fabric API Lookup API (v1), Fabric BlockRenderLayer Registration (v1), Fabric Rendering Fluids (v1), Fabric Textures (v0), Fabric Renderer - Indigo, Bettercopper, Fabric Rendering (v1), Fabric Models (v0), Fabric Networking API (v1), Fabric Events Interaction (v0), Fabric Item Groups (v0))
[20:32:00] [Realms Notification Availability checker #1/INFO] (Minecraft) Could not authorize you against Realms server: Invalid session id
[20:32:16] [Render thread/WARN] (Minecraft) Missing sound for event: minecraft:item.goat_horn.play
[20:32:16] [Render thread/WARN] (Minecraft) Missing sound for event: minecraft:entity.goat.screaming.horn_break
[20:32:16] [Render thread/INFO] (Minecraft) OpenAL initialized on device CoreAudio Default
[20:32:16] [Render thread/INFO] (Minecraft) Sound engine started
[20:32:18] [Render thread/INFO] (Minecraft) Created: 1024x1024x0 minecraft:textures/atlas/blocks.png-atlas
[20:32:18] [Render thread/INFO] (Minecraft) Created: 256x128x0 minecraft:textures/atlas/signs.png-atlas
[20:32:18] [Render thread/INFO] (Minecraft) Created: 1024x512x0 minecraft:textures/atlas/banner_patterns.png-atlas
[20:32:18] [Render thread/INFO] (Minecraft) Created: 1024x512x0 minecraft:textures/atlas/shield_patterns.png-atlas
[20:32:18] [Render thread/INFO] (Minecraft) Created: 256x256x0 minecraft:textures/atlas/chest.png-atlas
[20:32:18] [Render thread/INFO] (Minecraft) Created: 512x256x0 minecraft:textures/atlas/beds.png-atlas
[20:32:18] [Render thread/INFO] (Minecraft) Created: 512x256x0 minecraft:textures/atlas/shulker_boxes.png-atlas
[20:32:23] [Render thread/WARN] (Minecraft) Shader rendertype_entity_translucent_emissive could not find sampler named Sampler2 in the specified shader program.
[20:32:24] [Render thread/INFO] (Minecraft) Created: 512x256x0 minecraft:textures/atlas/particles.png-atlas
[20:32:24] [Render thread/INFO] (Minecraft) Created: 256x256x0 minecraft:textures/atlas/paintings.png-atlas
[20:32:24] [Render thread/INFO] (Minecraft) Created: 256x128x0 minecraft:textures/atlas/mob_effects.png-atlas
[20:33:01] [Render thread/ERROR] (Minecraft) Parsing error loading recipe minecraft:copper_material_helmet
com.google.gson.JsonSyntaxException: Unknown item 'copper_material_helmet'
	at net.minecraft.recipe.ShapedRecipe.method_17878(ShapedRecipe.java:253) ~[minecraft-project-@-merged-named.jar:?]
	at java.util.Optional.orElseThrow(Optional.java:403) ~[?:?]
	at net.minecraft.recipe.ShapedRecipe.getItem(ShapedRecipe.java:253) ~[minecraft-project-@-merged-named.jar:?]
	at net.minecraft.recipe.ShapedRecipe.outputFromJson(ShapedRecipe.java:240) ~[minecraft-project-@-merged-named.jar:?]
	at net.minecraft.recipe.ShapedRecipe$Serializer.read(ShapedRecipe.java:273) ~[minecraft-project-@-merged-named.jar:?]
	at net.minecraft.recipe.ShapedRecipe$Serializer.read(ShapedRecipe.java:260) ~[minecraft-project-@-merged-named.jar:?]
	at net.minecraft.recipe.RecipeManager.deserialize(RecipeManager.java:135) ~[minecraft-project-@-merged-named.jar:?]
	at net.minecraft.recipe.RecipeManager.apply(RecipeManager.java:56) ~[minecraft-project-@-merged-named.jar:?]
	at net.minecraft.recipe.RecipeManager.apply(RecipeManager.java:35) ~[minecraft-project-@-merged-named.jar:?]
	at net.minecraft.resource.SinglePreparationResourceReloader.method_18790(SinglePreparationResourceReloader.java:13) ~[minecraft-project-@-merged-named.jar:?]
	at java.util.concurrent.CompletableFuture$UniAccept.tryFire(CompletableFuture.java:718) ~[?:?]
	at java.util.concurrent.CompletableFuture$Completion.run(CompletableFuture.java:482) ~[?:?]
	at net.minecraft.resource.SimpleResourceReload.method_18365(SimpleResourceReload.java:69) ~[minecraft-project-@-merged-named.jar:?]
	at net.minecraft.util.thread.ThreadExecutor.executeTask(ThreadExecutor.java:157) ~[minecraft-project-@-merged-named.jar:?]
	at net.minecraft.util.thread.ReentrantThreadExecutor.executeTask(ReentrantThreadExecutor.java:23) ~[minecraft-project-@-merged-named.jar:?]
	at net.minecraft.util.thread.ThreadExecutor.runTask(ThreadExecutor.java:131) ~[minecraft-project-@-merged-named.jar:?]
	at net.minecraft.util.thread.ThreadExecutor.runTasks(ThreadExecutor.java:140) ~[minecraft-project-@-merged-named.jar:?]
	at net.minecraft.server.integrated.IntegratedServerLoader.createSaveLoader(IntegratedServerLoader.java:136) ~[minecraft-project-@-merged-named.jar:?]
	at net.minecraft.server.integrated.IntegratedServerLoader.createSaveLoader(IntegratedServerLoader.java:117) ~[minecraft-project-@-merged-named.jar:?]
	at net.minecraft.server.integrated.IntegratedServerLoader.start(IntegratedServerLoader.java:150) ~[minecraft-project-@-merged-named.jar:?]
	at net.minecraft.server.integrated.IntegratedServerLoader.start(IntegratedServerLoader.java:57) ~[minecraft-project-@-merged-named.jar:?]
	at net.minecraft.client.gui.screen.world.WorldListWidget$WorldEntry.start(WorldListWidget.java:528) ~[minecraft-project-@-merged-named.jar:?]
	at net.minecraft.client.gui.screen.world.WorldListWidget$WorldEntry.play(WorldListWidget.java:436) ~[minecraft-project-@-merged-named.jar:?]
	at net.minecraft.client.gui.screen.world.WorldListWidget$WorldEntry.mouseClicked(WorldListWidget.java:367) ~[minecraft-project-@-merged-named.jar:?]
	at net.minecraft.client.gui.widget.EntryListWidget.mouseClicked(EntryListWidget.java:359) ~[minecraft-project-@-merged-named.jar:?]
	at net.minecraft.client.gui.ParentElement.mouseClicked(ParentElement.java:27) ~[minecraft-project-@-merged-named.jar:?]
	at net.minecraft.client.Mouse.method_1611(Mouse.java:94) ~[minecraft-project-@-merged-named.jar:?]
	at net.minecraft.client.gui.screen.Screen.wrapScreenError(Screen.java:491) ~[minecraft-project-@-merged-named.jar:?]
	at net.minecraft.client.Mouse.onMouseButton(Mouse.java:94) ~[minecraft-project-@-merged-named.jar:?]
	at net.minecraft.client.Mouse.method_22686(Mouse.java:165) ~[minecraft-project-@-merged-named.jar:?]
	at net.minecraft.util.thread.ThreadExecutor.execute(ThreadExecutor.java:103) ~[minecraft-project-@-merged-named.jar:?]
	at net.minecraft.client.Mouse.method_22684(Mouse.java:165) ~[minecraft-project-@-merged-named.jar:?]
	at org.lwjgl.glfw.GLFWMouseButtonCallbackI.callback(GLFWMouseButtonCallbackI.java:43) [lwjgl-glfw-3.3.1.jar:?]
	at org.lwjgl.system.JNI.invokeV(Native Method) ~[lwjgl-3.3.1.jar:?]
	at org.lwjgl.glfw.GLFW.glfwPollEvents(GLFW.java:3403) [lwjgl-glfw-3.3.1.jar:?]
	at com.mojang.blaze3d.systems.RenderSystem.flipFrame(RenderSystem.java:197) [minecraft-project-@-merged-named.jar:?]
	at net.minecraft.client.util.Window.swapBuffers(Window.java:310) [minecraft-project-@-merged-named.jar:?]
	at net.minecraft.client.MinecraftClient.render(MinecraftClient.java:1171) [minecraft-project-@-merged-named.jar:?]
	at net.minecraft.client.MinecraftClient.run(MinecraftClient.java:734) [minecraft-project-@-merged-named.jar:?]
	at net.minecraft.client.main.Main.main(Main.java:237) [minecraft-project-@-merged-named.jar:?]
	at net.fabricmc.loader.impl.game.minecraft.MinecraftGameProvider.launch(MinecraftGameProvider.java:461) [fabric-loader-0.14.9.jar:?]
	at net.fabricmc.loader.impl.launch.knot.Knot.launch(Knot.java:74) [fabric-loader-0.14.9.jar:?]
	at net.fabricmc.loader.impl.launch.knot.KnotClient.main(KnotClient.java:23) [fabric-loader-0.14.9.jar:?]
	at net.fabricmc.devlaunchinjector.Main.main(Main.java:86) [dev-launch-injector-0.2.1+build.8.jar:?]
[20:33:01] [Render thread/INFO] (Minecraft) Loaded 7 recipes
[20:33:02] [Render thread/INFO] (Minecraft) Loaded 1179 advancements
[20:33:11] [Render thread/INFO] (BiomeModificationImpl) Applied 0 biome modifications to 0 of 63 new biomes in 5.263 ms
[20:33:11] [Server thread/INFO] (Minecraft) Starting integrated minecraft server version 1.19
[20:33:11] [Server thread/INFO] (Minecraft) Generating keypair
[20:33:13] [Server thread/INFO] (Minecraft) Preparing start region for dimension minecraft:overworld
[20:33:51] [Render thread/INFO] (Minecraft) 准备生成区域中：0%
[20:33:51] [Render thread/INFO] (Minecraft) 准备生成区域中：0%
[20:33:51] [Render thread/INFO] (Minecraft) 准备生成区域中：0%
[20:33:51] [Render thread/INFO] (Minecraft) 准备生成区域中：0%
[20:33:51] [Render thread/INFO] (Minecraft) 准备生成区域中：0%
[20:33:51] [Render thread/INFO] (Minecraft) 准备生成区域中：0%
[20:33:51] [Render thread/INFO] (Minecraft) 准备生成区域中：0%
[20:33:51] [Render thread/INFO] (Minecraft) 准备生成区域中：0%
[20:33:51] [Render thread/INFO] (Minecraft) 准备生成区域中：0%
[20:33:51] [Render thread/INFO] (Minecraft) 准备生成区域中：0%
[20:33:51] [Render thread/INFO] (Minecraft) 准备生成区域中：0%
[20:33:51] [Render thread/INFO] (Minecraft) 准备生成区域中：0%
[20:33:51] [Render thread/INFO] (Minecraft) 准备生成区域中：0%
[20:33:51] [Render thread/INFO] (Minecraft) 准备生成区域中：0%
[20:33:51] [Render thread/INFO] (Minecraft) 准备生成区域中：0%
[20:33:51] [Render thread/INFO] (Minecraft) 准备生成区域中：0%
[20:33:51] [Render thread/INFO] (Minecraft) 准备生成区域中：0%
[20:33:51] [Render thread/INFO] (Minecraft) 准备生成区域中：0%
[20:33:51] [Render thread/INFO] (Minecraft) 准备生成区域中：0%
[20:33:51] [Render thread/INFO] (Minecraft) 准备生成区域中：0%
[20:33:51] [Render thread/INFO] (Minecraft) 准备生成区域中：0%
[20:33:51] [Render thread/INFO] (Minecraft) 准备生成区域中：0%
[20:33:51] [Render thread/INFO] (Minecraft) 准备生成区域中：0%
[20:33:51] [Render thread/INFO] (Minecraft) 准备生成区域中：0%
[20:33:51] [Render thread/INFO] (Minecraft) 准备生成区域中：0%
[20:33:51] [Render thread/INFO] (Minecraft) 准备生成区域中：0%
[20:33:51] [Render thread/INFO] (Minecraft) 准备生成区域中：0%
[20:33:51] [Render thread/INFO] (Minecraft) 准备生成区域中：0%
[20:33:51] [Render thread/INFO] (Minecraft) 准备生成区域中：0%
[20:33:51] [Render thread/INFO] (Minecraft) 准备生成区域中：0%
[20:33:51] [Render thread/INFO] (Minecraft) 准备生成区域中：0%
[20:33:51] [Render thread/INFO] (Minecraft) 准备生成区域中：0%
[20:33:51] [Render thread/INFO] (Minecraft) 准备生成区域中：0%
[20:33:51] [Render thread/INFO] (Minecraft) 准备生成区域中：0%
[20:33:51] [Render thread/INFO] (Minecraft) 准备生成区域中：0%
[20:33:51] [Render thread/INFO] (Minecraft) 准备生成区域中：0%
[20:33:51] [Render thread/INFO] (Minecraft) 准备生成区域中：0%
[20:33:51] [Render thread/INFO] (Minecraft) 准备生成区域中：0%
[20:33:51] [Render thread/INFO] (Minecraft) 准备生成区域中：0%
[20:33:51] [Render thread/INFO] (Minecraft) 准备生成区域中：0%
[20:33:51] [Render thread/INFO] (Minecraft) 准备生成区域中：0%
[20:33:51] [Render thread/INFO] (Minecraft) 准备生成区域中：0%
[20:33:51] [Render thread/INFO] (Minecraft) 准备生成区域中：0%
[20:33:51] [Render thread/INFO] (Minecraft) 准备生成区域中：0%
[20:33:51] [Render thread/INFO] (Minecraft) 准备生成区域中：0%
[20:33:51] [Render thread/INFO] (Minecraft) 准备生成区域中：0%
[20:33:51] [Render thread/INFO] (Minecraft) 准备生成区域中：0%
[20:33:51] [Render thread/INFO] (Minecraft) 准备生成区域中：0%
[20:33:51] [Render thread/INFO] (Minecraft) 准备生成区域中：0%
[20:33:51] [Render thread/INFO] (Minecraft) 准备生成区域中：0%
[20:33:51] [Render thread/INFO] (Minecraft) 准备生成区域中：0%
[20:33:51] [Render thread/INFO] (Minecraft) 准备生成区域中：0%
[20:33:51] [Render thread/INFO] (Minecraft) 准备生成区域中：0%
[20:33:51] [Render thread/INFO] (Minecraft) 准备生成区域中：0%
[20:33:51] [Render thread/INFO] (Minecraft) 准备生成区域中：0%
[20:33:51] [Render thread/INFO] (Minecraft) 准备生成区域中：0%
[20:33:51] [Render thread/INFO] (Minecraft) 准备生成区域中：0%
[20:33:51] [Render thread/INFO] (Minecraft) 准备生成区域中：0%
[20:33:51] [Render thread/INFO] (Minecraft) 准备生成区域中：0%
[20:33:51] [Render thread/INFO] (Minecraft) 准备生成区域中：0%
[20:33:51] [Render thread/INFO] (Minecraft) 准备生成区域中：0%
[20:33:51] [Render thread/INFO] (Minecraft) 准备生成区域中：0%
[20:33:51] [Render thread/INFO] (Minecraft) 准备生成区域中：0%
[20:33:51] [Render thread/INFO] (Minecraft) 准备生成区域中：0%
[20:33:51] [Render thread/INFO] (Minecraft) 准备生成区域中：0%
[20:33:51] [Render thread/INFO] (Minecraft) 准备生成区域中：0%
[20:33:51] [Render thread/INFO] (Minecraft) 准备生成区域中：0%
[20:33:51] [Render thread/INFO] (Minecraft) 准备生成区域中：0%
[20:33:51] [Render thread/INFO] (Minecraft) 准备生成区域中：0%
[20:33:51] [Render thread/INFO] (Minecraft) 准备生成区域中：0%
[20:33:51] [Render thread/INFO] (Minecraft) 准备生成区域中：0%
[20:33:51] [Render thread/INFO] (Minecraft) 准备生成区域中：0%
[20:33:51] [Render thread/INFO] (Minecraft) 准备生成区域中：0%
[20:33:51] [Render thread/INFO] (Minecraft) 准备生成区域中：0%
[20:33:51] [Render thread/INFO] (Minecraft) 准备生成区域中：0%
[20:33:51] [Render thread/INFO] (Minecraft) 准备生成区域中：0%
[20:33:51] [Render thread/INFO] (Minecraft) 准备生成区域中：0%
[20:33:52] [Render thread/INFO] (Minecraft) 准备生成区域中：0%
[20:33:52] [Render thread/INFO] (Minecraft) 准备生成区域中：0%
[20:33:53] [Render thread/INFO] (Minecraft) 准备生成区域中：2%
[20:33:53] [Render thread/INFO] (Minecraft) 准备生成区域中：2%
[20:33:54] [Render thread/INFO] (Minecraft) 准备生成区域中：2%
[20:33:55] [Render thread/INFO] (Minecraft) 准备生成区域中：2%
[20:33:55] [Render thread/INFO] (Minecraft) 准备生成区域中：2%
[20:33:55] [Render thread/INFO] (Minecraft) 准备生成区域中：10%
[20:33:56] [Render thread/INFO] (Minecraft) 准备生成区域中：11%
[20:34:01] [Render thread/INFO] (Minecraft) 准备生成区域中：11%
[20:34:01] [Render thread/INFO] (Minecraft) 准备生成区域中：11%
[20:34:01] [Render thread/INFO] (Minecraft) 准备生成区域中：11%
[20:34:01] [Render thread/INFO] (Minecraft) 准备生成区域中：11%
[20:34:01] [Render thread/INFO] (Minecraft) 准备生成区域中：11%
[20:34:01] [Render thread/INFO] (Minecraft) 准备生成区域中：11%
[20:34:01] [Render thread/INFO] (Minecraft) 准备生成区域中：11%
[20:34:01] [Render thread/INFO] (Minecraft) 准备生成区域中：11%
[20:34:01] [Render thread/INFO] (Minecraft) 准备生成区域中：11%
[20:34:01] [Render thread/INFO] (Minecraft) 准备生成区域中：11%
[20:34:04] [Render thread/INFO] (Minecraft) 准备生成区域中：37%
[20:34:04] [Render thread/INFO] (Minecraft) 准备生成区域中：37%
[20:34:04] [Render thread/INFO] (Minecraft) 准备生成区域中：37%
[20:34:04] [Render thread/INFO] (Minecraft) 准备生成区域中：37%
[20:34:04] [Render thread/INFO] (Minecraft) 准备生成区域中：37%
[20:34:05] [Render thread/INFO] (Minecraft) 准备生成区域中：57%
[20:34:05] [Render thread/INFO] (Minecraft) 准备生成区域中：57%
[20:34:05] [Render thread/INFO] (Minecraft) 准备生成区域中：57%
[20:34:05] [Render thread/INFO] (Minecraft) 准备生成区域中：57%
[20:34:08] [Render thread/INFO] (Minecraft) 准备生成区域中：70%
[20:34:08] [Render thread/INFO] (Minecraft) 准备生成区域中：70%
[20:34:08] [Render thread/INFO] (Minecraft) 准备生成区域中：70%
[20:34:08] [Render thread/INFO] (Minecraft) 准备生成区域中：70%
[20:34:08] [Render thread/INFO] (Minecraft) 准备生成区域中：70%
[20:34:09] [Render thread/INFO] (Minecraft) 准备生成区域中：93%
[20:34:10] [Render thread/INFO] (Minecraft) Time elapsed: 56464 ms
[20:34:10] [Server thread/INFO] (Minecraft) Changing view distance to 16, from 10
[20:34:10] [Server thread/INFO] (Minecraft) Changing simulation distance to 18, from 0
[20:34:12] [Server thread/WARN] (Minecraft) Can't keep up! Is the server overloaded? Running 2114ms or 42 ticks behind
[20:34:14] [Server thread/INFO] (Minecraft) Player212[local:E:27105f14] logged in with entity id 16 at (-0.5, -60.0, -9.5)
[20:34:14] [Server thread/INFO] (Minecraft) Player212加入了游戏
[20:34:24] [Render thread/INFO] (Minecraft) Loaded 0 advancements
[20:34:28] [Server thread/INFO] (Minecraft) Saving and pausing game...
[20:34:28] [Server thread/INFO] (Minecraft) Saving chunks for level 'ServerLevel[Test]'/minecraft:overworld
[20:34:36] [Server thread/INFO] (Minecraft) Saving chunks for level 'ServerLevel[Test]'/minecraft:the_nether
[20:34:36] [Server thread/INFO] (Minecraft) Saving chunks for level 'ServerLevel[Test]'/minecraft:the_end
[20:34:36] [Server thread/WARN] (Minecraft) Can't keep up! Is the server overloaded? Running 9143ms or 182 ticks behind
[20:34:56] [Server thread/WARN] (Minecraft) Can't keep up! Is the server overloaded? Running 2033ms or 40 ticks behind
[20:35:02] [Server thread/INFO] (Minecraft) Saving and pausing game...
[20:35:02] [Server thread/INFO] (Minecraft) Saving chunks for level 'ServerLevel[Test]'/minecraft:overworld
[20:35:03] [Server thread/INFO] (Minecraft) Saving chunks for level 'ServerLevel[Test]'/minecraft:the_nether
[20:35:03] [Server thread/INFO] (Minecraft) Saving chunks for level 'ServerLevel[Test]'/minecraft:the_end
[20:35:17] [Server thread/WARN] (Minecraft) Can't keep up! Is the server overloaded? Running 5748ms or 114 ticks behind
[20:35:43] [Server thread/WARN] (Minecraft) Can't keep up! Is the server overloaded? Running 10960ms or 219 ticks behind
[20:35:59] [Server thread/INFO] (Minecraft) Saving and pausing game...
[20:35:59] [Server thread/INFO] (Minecraft) Saving chunks for level 'ServerLevel[Test]'/minecraft:overworld
[20:36:01] [Server thread/INFO] (Minecraft) Saving chunks for level 'ServerLevel[Test]'/minecraft:the_nether
[20:36:01] [Server thread/INFO] (Minecraft) Saving chunks for level 'ServerLevel[Test]'/minecraft:the_end
[20:36:01] [Server thread/WARN] (Minecraft) Can't keep up! Is the server overloaded? Running 3423ms or 68 ticks behind
[20:36:20] [Server thread/WARN] (Minecraft) Can't keep up! Is the server overloaded? Running 2027ms or 40 ticks behind
[20:36:23] [Render thread/INFO] (Minecraft) Loaded 2 advancements
[20:36:29] [Server thread/INFO] (Minecraft) [Player212: 你的游戏模式已被设置为生存模式 ]
[20:36:29] [Render thread/INFO] (Minecraft) [CHAT] 你的游戏模式已被设置为生存模式 
[20:36:39] [Server thread/INFO] (Minecraft) Saving and pausing game...
[20:36:39] [Server thread/INFO] (Minecraft) Saving chunks for level 'ServerLevel[Test]'/minecraft:overworld
[20:36:41] [Server thread/INFO] (Minecraft) Saving chunks for level 'ServerLevel[Test]'/minecraft:the_nether
[20:36:41] [Server thread/INFO] (Minecraft) Saving chunks for level 'ServerLevel[Test]'/minecraft:the_end
[20:36:41] [Server thread/WARN] (Minecraft) Can't keep up! Is the server overloaded? Running 5879ms or 117 ticks behind
[20:37:08] [Render thread/INFO] (fabric-screen-api-v1) Stopping!
[20:37:08] [Server thread/INFO] (Minecraft) Player212 lost connection: 连接中止
[20:37:08] [Server thread/INFO] (Minecraft) Player212退出了游戏
[20:37:08] [Server thread/INFO] (Minecraft) Stopping singleplayer server as player logged out
[20:37:08] [Server thread/INFO] (Minecraft) Stopping server
[20:37:08] [Server thread/INFO] (Minecraft) Saving players
[20:37:08] [Server thread/INFO] (Minecraft) Saving worlds
[20:37:19] [Server thread/INFO] (Minecraft) Saving chunks for level 'ServerLevel[Test]'/minecraft:overworld
[20:37:19] [Server thread/INFO] (Minecraft) Saving chunks for level 'ServerLevel[Test]'/minecraft:the_nether
[20:37:19] [Server thread/INFO] (Minecraft) Saving chunks for level 'ServerLevel[Test]'/minecraft:the_end
[20:37:19] [Server thread/INFO] (Minecraft) ThreadedAnvilChunkStorage (Test): All chunks are saved
[20:37:19] [Server thread/INFO] (Minecraft) ThreadedAnvilChunkStorage (DIM-1): All chunks are saved
[20:37:19] [Server thread/INFO] (Minecraft) ThreadedAnvilChunkStorage (DIM1): All chunks are saved
[20:37:19] [Server thread/INFO] (Minecraft) ThreadedAnvilChunkStorage: All dimensions are saved
